<?xml version="1.0" encoding="UTF-8"?>
<testng-results ignored="0" total="12" passed="11" failed="1" skipped="0">
  <reporter-output>
  </reporter-output>
  <suite started-at="2024-09-07T12:29:36 EET" name="Default suite" finished-at="2024-09-07T12:30:19 EET" duration-ms="43251">
    <groups>
    </groups>
    <test started-at="2024-09-07T12:29:36 EET" name="Default test" finished-at="2024-09-07T12:30:19 EET" duration-ms="43251">
      <class name="homePage.MyTestCases">
        <test-method is-config="true" signature="mySetUp()[pri:0, instance:homePage.MyTestCases@8692d67]" started-at="2024-09-07T12:29:36 EET" name="mySetUp" finished-at="2024-09-07T12:29:57 EET" duration-ms="20797" status="PASS">
          <reporter-output>
          </reporter-output>
        </test-method> <!-- mySetUp -->
        <test-method signature="defaultLanguageEnglishTest()[pri:1, instance:homePage.MyTestCases@8692d67]" started-at="2024-09-07T12:29:57 EET" name="defaultLanguageEnglishTest" finished-at="2024-09-07T12:29:57 EET" duration-ms="148" status="PASS">
          <reporter-output>
          </reporter-output>
        </test-method> <!-- defaultLanguageEnglishTest -->
        <test-method signature="defaultCurrencyTest()[pri:2, instance:homePage.MyTestCases@8692d67]" started-at="2024-09-07T12:29:57 EET" name="defaultCurrencyTest" finished-at="2024-09-07T12:29:57 EET" duration-ms="30" status="PASS">
          <reporter-output>
          </reporter-output>
        </test-method> <!-- defaultCurrencyTest -->
        <test-method signature="contactNumberTest()[pri:3, instance:homePage.MyTestCases@8692d67]" started-at="2024-09-07T12:29:57 EET" name="contactNumberTest" finished-at="2024-09-07T12:29:57 EET" duration-ms="26" status="PASS">
          <reporter-output>
          </reporter-output>
        </test-method> <!-- contactNumberTest -->
        <test-method signature="qitafLogoTest()[pri:4, instance:homePage.MyTestCases@8692d67]" started-at="2024-09-07T12:29:57 EET" name="qitafLogoTest" finished-at="2024-09-07T12:29:57 EET" duration-ms="25" status="PASS">
          <reporter-output>
          </reporter-output>
        </test-method> <!-- qitafLogoTest -->
        <test-method signature="hotelSearchIsNotSelected()[pri:5, instance:homePage.MyTestCases@8692d67]" started-at="2024-09-07T12:29:57 EET" name="hotelSearchIsNotSelected" finished-at="2024-09-07T12:29:57 EET" duration-ms="22" status="PASS">
          <reporter-output>
          </reporter-output>
        </test-method> <!-- hotelSearchIsNotSelected -->
        <test-method signature="flightDepartureDate()[pri:6, instance:homePage.MyTestCases@8692d67]" started-at="2024-09-07T12:29:57 EET" name="flightDepartureDate" finished-at="2024-09-07T12:29:57 EET" duration-ms="21" status="PASS">
          <reporter-output>
          </reporter-output>
        </test-method> <!-- flightDepartureDate -->
        <test-method signature="flightReturnDate()[pri:7, instance:homePage.MyTestCases@8692d67]" started-at="2024-09-07T12:29:57 EET" name="flightReturnDate" finished-at="2024-09-07T12:29:57 EET" duration-ms="22" status="PASS">
          <reporter-output>
          </reporter-output>
        </test-method> <!-- flightReturnDate -->
        <test-method signature="pageLanguageTest()[pri:8, instance:homePage.MyTestCases@8692d67]" started-at="2024-09-07T12:29:57 EET" name="pageLanguageTest" finished-at="2024-09-07T12:29:59 EET" duration-ms="2123" status="PASS">
          <reporter-output>
          </reporter-output>
        </test-method> <!-- pageLanguageTest -->
        <test-method signature="hotelsBtnAndSearch()[pri:9, instance:homePage.MyTestCases@8692d67]" started-at="2024-09-07T12:29:59 EET" name="hotelsBtnAndSearch" finished-at="2024-09-07T12:30:00 EET" duration-ms="682" status="PASS">
          <reporter-output>
          </reporter-output>
        </test-method> <!-- hotelsBtnAndSearch -->
        <test-method signature="selectNumberOfVisitors()[pri:10, instance:homePage.MyTestCases@8692d67]" started-at="2024-09-07T12:30:00 EET" name="selectNumberOfVisitors" finished-at="2024-09-07T12:30:06 EET" duration-ms="6001" status="PASS">
          <reporter-output>
          </reporter-output>
        </test-method> <!-- selectNumberOfVisitors -->
        <test-method signature="pageLoadedSuccessfully()[pri:11, instance:homePage.MyTestCases@8692d67]" started-at="2024-09-07T12:30:06 EET" name="pageLoadedSuccessfully" finished-at="2024-09-07T12:30:19 EET" duration-ms="12588" status="FAIL">
          <exception class="java.lang.AssertionError">
            <message>
              <![CDATA[expected [true] but found [false]]]>
            </message>
            <full-stacktrace>
              <![CDATA[java.lang.AssertionError: expected [true] but found [false]
at org.testng.Assert.fail(Assert.java:99)
at org.testng.Assert.failNotEquals(Assert.java:1037)
at org.testng.Assert.assertEqualsImpl(Assert.java:140)
at org.testng.Assert.assertEquals(Assert.java:122)
at org.testng.Assert.assertEquals(Assert.java:819)
at org.testng.Assert.assertEquals(Assert.java:829)
at homePage.MyTestCases.pageLoadedSuccessfully(MyTestCases.java:129)
at java.base/jdk.internal.reflect.DirectMethodHandleAccessor.invoke(DirectMethodHandleAccessor.java:103)
at java.base/java.lang.reflect.Method.invoke(Method.java:580)
at org.testng.internal.MethodInvocationHelper.invokeMethod(MethodInvocationHelper.java:133)
at org.testng.internal.TestInvoker.invokeMethod(TestInvoker.java:598)
at org.testng.internal.TestInvoker.invokeTestMethod(TestInvoker.java:173)
at org.testng.internal.MethodRunner.runInSequence(MethodRunner.java:46)
at org.testng.internal.TestInvoker$MethodInvocationAgent.invoke(TestInvoker.java:824)
at org.testng.internal.TestInvoker.invokeTestMethods(TestInvoker.java:146)
at org.testng.internal.TestMethodWorker.invokeTestMethods(TestMethodWorker.java:146)
at org.testng.internal.TestMethodWorker.run(TestMethodWorker.java:128)
at java.base/java.util.ArrayList.forEach(ArrayList.java:1597)
at org.testng.TestRunner.privateRun(TestRunner.java:794)
at org.testng.TestRunner.run(TestRunner.java:596)
at org.testng.SuiteRunner.runTest(SuiteRunner.java:377)
at org.testng.SuiteRunner.runSequentially(SuiteRunner.java:371)
at org.testng.SuiteRunner.privateRun(SuiteRunner.java:332)
at org.testng.SuiteRunner.run(SuiteRunner.java:276)
at org.testng.SuiteRunnerWorker.runSuite(SuiteRunnerWorker.java:53)
at org.testng.SuiteRunnerWorker.run(SuiteRunnerWorker.java:96)
at org.testng.TestNG.runSuitesSequentially(TestNG.java:1212)
at org.testng.TestNG.runSuitesLocally(TestNG.java:1134)
at org.testng.TestNG.runSuites(TestNG.java:1063)
at org.testng.TestNG.run(TestNG.java:1031)
at org.testng.remote.AbstractRemoteTestNG.run(AbstractRemoteTestNG.java:115)
at org.testng.remote.RemoteTestNG.initAndRun(RemoteTestNG.java:293)
at org.testng.remote.RemoteTestNG.main(RemoteTestNG.java:91)
]]>
            </full-stacktrace>
          </exception> <!-- java.lang.AssertionError -->
          <reporter-output>
          </reporter-output>
        </test-method> <!-- pageLoadedSuccessfully -->
        <test-method signature="lowestPriceSortingTest()[pri:12, instance:homePage.MyTestCases@8692d67]" started-at="2024-09-07T12:30:19 EET" name="lowestPriceSortingTest" finished-at="2024-09-07T12:30:19 EET" duration-ms="722" status="PASS">
          <reporter-output>
          </reporter-output>
        </test-method> <!-- lowestPriceSortingTest -->
      </class> <!-- homePage.MyTestCases -->
    </test> <!-- Default test -->
  </suite> <!-- Default suite -->
</testng-results>
